2026-03-16 17:33:32,553 - shared_logger.services.detector - INFO - [detector.py:97] - [DETECTOR] Loading : ./models/yolov8n.engine
2026-03-16 17:33:32,553 - shared_logger.services.detector - INFO - [detector.py:98] - [DETECTOR] Device  : 0
2026-03-16 17:33:32,553 - shared_logger.services.detector - INFO - [detector.py:99] - [DETECTOR] Conf    : 0.35
2026-03-16 17:33:32,554 - shared_logger.services.detector - INFO - [detector.py:100] - [DETECTOR] Classes : All
2026-03-16 17:35:12,946 - shared_logger.services.detector - INFO - [detector.py:97] - [DETECTOR] Loading : ./models/yolov8n.pt
2026-03-16 17:35:12,946 - shared_logger.services.detector - INFO - [detector.py:98] - [DETECTOR] Device  : cpu
2026-03-16 17:35:12,946 - shared_logger.services.detector - INFO - [detector.py:99] - [DETECTOR] Conf    : 0.35
2026-03-16 17:35:12,947 - shared_logger.services.detector - INFO - [detector.py:100] - [DETECTOR] Classes : All
2026-03-16 17:35:13,183 - shared_logger.services.detector - INFO - [detector.py:105] - [DETECTOR] Ready — 80 classes

2026-03-16 17:35:13,362 - shared_logger.stream - INFO - [stream.py:38] - [STREAM] Connecting: rtsp://admin:pass@192.168.1.10:554/Streaming/channels/1101
2026-03-16 17:36:34,087 - shared_logger.services.detector - INFO - [detector.py:97] - [DETECTOR] Loading : ./models/yolov8n.pt
2026-03-16 17:36:34,088 - shared_logger.services.detector - INFO - [detector.py:98] - [DETECTOR] Device  : cpu
2026-03-16 17:36:34,088 - shared_logger.services.detector - INFO - [detector.py:99] - [DETECTOR] Conf    : 0.35
2026-03-16 17:36:34,088 - shared_logger.services.detector - INFO - [detector.py:100] - [DETECTOR] Classes : All
2026-03-16 17:36:34,395 - shared_logger.services.detector - INFO - [detector.py:105] - [DETECTOR] Ready — 80 classes

2026-03-16 17:36:34,566 - shared_logger.stream - INFO - [stream.py:38] - [STREAM] Connecting: rtsp://admin:pass@192.168.1.10:554/Streaming/channels/1101
2026-03-25 08:50:43,445 - shared_logger.services.detector - INFO - [detector.py:97] - [DETECTOR] Loading : ./models/yolov8n.pt
2026-03-25 08:50:43,446 - shared_logger.services.detector - INFO - [detector.py:98] - [DETECTOR] Device  : 0
2026-03-25 08:50:43,446 - shared_logger.services.detector - INFO - [detector.py:99] - [DETECTOR] Conf    : 0.35
2026-03-25 08:50:43,446 - shared_logger.services.detector - INFO - [detector.py:100] - [DETECTOR] Classes : All
2026-03-25 08:50:43,580 - shared_logger.services.detector - INFO - [detector.py:105] - [DETECTOR] Ready — 80 classes

2026-03-25 08:50:43,580 - shared_logger.services.cashier - INFO - [cashier.py:396] - [CASHIER] Loading model: ./models/best_cashier.onnx
2026-03-25 08:50:44,193 - shared_logger.services.cashier - INFO - [cashier.py:432] - [CASHIER] Ready — model ./models/best_cashier.onnx | img_size (256, 256) | classes ['Person', 'Drawer_Open', 'Cash'] | GIF enabled
2026-03-25 08:51:15,645 - shared_logger.services.detector - INFO - [detector.py:97] - [DETECTOR] Loading : ./models/yolov8n.pt
2026-03-25 08:51:15,645 - shared_logger.services.detector - INFO - [detector.py:98] - [DETECTOR] Device  : cpu
2026-03-25 08:51:15,645 - shared_logger.services.detector - INFO - [detector.py:99] - [DETECTOR] Conf    : 0.35
2026-03-25 08:51:15,645 - shared_logger.services.detector - INFO - [detector.py:100] - [DETECTOR] Classes : All
2026-03-25 08:51:15,747 - shared_logger.services.detector - INFO - [detector.py:105] - [DETECTOR] Ready — 80 classes

2026-03-25 08:51:15,747 - shared_logger.services.cashier - INFO - [cashier.py:396] - [CASHIER] Loading model: ./models/best_cashier.onnx
2026-03-25 08:51:16,253 - shared_logger.services.cashier - INFO - [cashier.py:432] - [CASHIER] Ready — model ./models/best_cashier.onnx | img_size (256, 256) | classes ['Person', 'Drawer_Open', 'Cash'] | GIF enabled
2026-03-25 08:52:16,276 - shared_logger.services.cashier - DEBUG - [cashier.py:485] - [CASHIER] Config reloaded from ./config/cashier_zones.yaml
2026-03-25 08:53:16,283 - shared_logger.services.cashier - DEBUG - [cashier.py:485] - [CASHIER] Config reloaded from ./config/cashier_zones.yaml
2026-03-25 08:54:16,333 - shared_logger.services.cashier - DEBUG - [cashier.py:485] - [CASHIER] Config reloaded from ./config/cashier_zones.yaml
2026-03-25 08:55:16,388 - shared_logger.services.cashier - DEBUG - [cashier.py:485] - [CASHIER] Config reloaded from ./config/cashier_zones.yaml
2026-03-25 08:56:16,479 - shared_logger.services.cashier - DEBUG - [cashier.py:485] - [CASHIER] Config reloaded from ./config/cashier_zones.yaml
2026-03-25 08:57:16,558 - shared_logger.services.cashier - DEBUG - [cashier.py:485] - [CASHIER] Config reloaded from ./config/cashier_zones.yaml
2026-03-25 08:58:16,669 - shared_logger.services.cashier - DEBUG - [cashier.py:485] - [CASHIER] Config reloaded from ./config/cashier_zones.yaml
2026-03-25 08:59:16,704 - shared_logger.services.cashier - DEBUG - [cashier.py:485] - [CASHIER] Config reloaded from ./config/cashier_zones.yaml
2026-03-25 09:00:16,835 - shared_logger.services.cashier - DEBUG - [cashier.py:485] - [CASHIER] Config reloaded from ./config/cashier_zones.yaml
2026-03-25 09:01:31,247 - shared_logger.services.detector - INFO - [detector.py:97] - [DETECTOR] Loading : ./models/yolov8n.pt
2026-03-25 09:01:31,248 - shared_logger.services.detector - INFO - [detector.py:98] - [DETECTOR] Device  : cpu
2026-03-25 09:01:31,248 - shared_logger.services.detector - INFO - [detector.py:99] - [DETECTOR] Conf    : 0.35
2026-03-25 09:01:31,248 - shared_logger.services.detector - INFO - [detector.py:100] - [DETECTOR] Classes : All
2026-03-25 09:01:31,354 - shared_logger.services.detector - INFO - [detector.py:105] - [DETECTOR] Ready — 80 classes

2026-03-25 09:01:31,354 - shared_logger.services.cashier - INFO - [cashier.py:396] - [CASHIER] Loading model: ./models/best_cashier.onnx
2026-03-25 09:01:31,821 - shared_logger.services.cashier - INFO - [cashier.py:432] - [CASHIER] Ready — model ./models/best_cashier.onnx | img_size (256, 256) | classes ['Person', 'Drawer_Open', 'Cash'] | GIF enabled
2026-03-25 09:02:31,889 - shared_logger.services.cashier - DEBUG - [cashier.py:485] - [CASHIER] Config reloaded from ./config/cashier_zones.yaml
2026-03-25 09:03:32,002 - shared_logger.services.cashier - DEBUG - [cashier.py:485] - [CASHIER] Config reloaded from ./config/cashier_zones.yaml
2026-03-25 09:04:32,038 - shared_logger.services.cashier - DEBUG - [cashier.py:485] - [CASHIER] Config reloaded from ./config/cashier_zones.yaml
2026-03-25 09:05:32,095 - shared_logger.services.cashier - DEBUG - [cashier.py:485] - [CASHIER] Config reloaded from ./config/cashier_zones.yaml
2026-03-25 09:06:32,245 - shared_logger.services.cashier - DEBUG - [cashier.py:485] - [CASHIER] Config reloaded from ./config/cashier_zones.yaml
2026-03-25 09:07:32,306 - shared_logger.services.cashier - DEBUG - [cashier.py:485] - [CASHIER] Config reloaded from ./config/cashier_zones.yaml
2026-03-25 09:08:32,368 - shared_logger.services.cashier - DEBUG - [cashier.py:485] - [CASHIER] Config reloaded from ./config/cashier_zones.yaml
2026-03-25 09:09:32,502 - shared_logger.services.cashier - DEBUG - [cashier.py:485] - [CASHIER] Config reloaded from ./config/cashier_zones.yaml
2026-03-25 09:10:32,542 - shared_logger.services.cashier - DEBUG - [cashier.py:485] - [CASHIER] Config reloaded from ./config/cashier_zones.yaml
2026-03-25 09:11:32,634 - shared_logger.services.cashier - DEBUG - [cashier.py:485] - [CASHIER] Config reloaded from ./config/cashier_zones.yaml
2026-03-25 09:12:32,684 - shared_logger.services.cashier - DEBUG - [cashier.py:485] - [CASHIER] Config reloaded from ./config/cashier_zones.yaml
2026-03-25 09:13:32,805 - shared_logger.services.cashier - DEBUG - [cashier.py:485] - [CASHIER] Config reloaded from ./config/cashier_zones.yaml
2026-03-25 09:14:32,889 - shared_logger.services.cashier - DEBUG - [cashier.py:485] - [CASHIER] Config reloaded from ./config/cashier_zones.yaml
2026-03-25 09:15:33,042 - shared_logger.services.cashier - DEBUG - [cashier.py:485] - [CASHIER] Config reloaded from ./config/cashier_zones.yaml
2026-03-25 09:16:33,065 - shared_logger.services.cashier - DEBUG - [cashier.py:485] - [CASHIER] Config reloaded from ./config/cashier_zones.yaml
2026-03-25 09:17:33,143 - shared_logger.services.cashier - DEBUG - [cashier.py:485] - [CASHIER] Config reloaded from ./config/cashier_zones.yaml
2026-03-25 09:18:33,475 - shared_logger.services.cashier - DEBUG - [cashier.py:485] - [CASHIER] Config reloaded from ./config/cashier_zones.yaml
2026-03-25 09:19:33,490 - shared_logger.services.cashier - DEBUG - [cashier.py:485] - [CASHIER] Config reloaded from ./config/cashier_zones.yaml
2026-03-25 09:20:33,523 - shared_logger.services.cashier - DEBUG - [cashier.py:485] - [CASHIER] Config reloaded from ./config/cashier_zones.yaml
2026-03-25 09:47:14,624 - shared_logger.services.detector - INFO - [detector.py:97] - [DETECTOR] Loading : ./models/yolov8n.pt
2026-03-25 09:47:14,625 - shared_logger.services.detector - INFO - [detector.py:98] - [DETECTOR] Device  : cpu
2026-03-25 09:47:14,625 - shared_logger.services.detector - INFO - [detector.py:99] - [DETECTOR] Conf    : 0.35
2026-03-25 09:47:14,625 - shared_logger.services.detector - INFO - [detector.py:100] - [DETECTOR] Classes : All
2026-03-25 09:47:14,764 - shared_logger.services.detector - INFO - [detector.py:105] - [DETECTOR] Ready — 80 classes

2026-03-25 09:47:14,765 - shared_logger.services.cashier - INFO - [cashier.py:396] - [CASHIER] Loading model: ./models/best_cashier.onnx
2026-03-25 09:47:15,287 - shared_logger.services.cashier - INFO - [cashier.py:432] - [CASHIER] Ready — model ./models/best_cashier.onnx | img_size (256, 256) | classes ['Person', 'Drawer_Open', 'Cash'] | GIF enabled
2026-03-25 09:48:15,398 - shared_logger.services.cashier - DEBUG - [cashier.py:485] - [CASHIER] Config reloaded from ./config/cashier_zones.yaml
2026-03-25 09:49:15,485 - shared_logger.services.cashier - DEBUG - [cashier.py:485] - [CASHIER] Config reloaded from ./config/cashier_zones.yaml
2026-03-25 09:50:15,629 - shared_logger.services.cashier - DEBUG - [cashier.py:485] - [CASHIER] Config reloaded from ./config/cashier_zones.yaml
2026-03-25 09:51:15,720 - shared_logger.services.cashier - DEBUG - [cashier.py:485] - [CASHIER] Config reloaded from ./config/cashier_zones.yaml
2026-03-25 09:52:15,810 - shared_logger.services.cashier - DEBUG - [cashier.py:485] - [CASHIER] Config reloaded from ./config/cashier_zones.yaml
2026-03-25 09:53:15,851 - shared_logger.services.cashier - DEBUG - [cashier.py:485] - [CASHIER] Config reloaded from ./config/cashier_zones.yaml
2026-03-25 09:54:15,898 - shared_logger.services.cashier - DEBUG - [cashier.py:485] - [CASHIER] Config reloaded from ./config/cashier_zones.yaml
2026-03-25 09:55:15,941 - shared_logger.services.cashier - DEBUG - [cashier.py:485] - [CASHIER] Config reloaded from ./config/cashier_zones.yaml
2026-03-25 09:56:16,069 - shared_logger.services.cashier - DEBUG - [cashier.py:485] - [CASHIER] Config reloaded from ./config/cashier_zones.yaml
2026-03-25 09:57:16,101 - shared_logger.services.cashier - DEBUG - [cashier.py:485] - [CASHIER] Config reloaded from ./config/cashier_zones.yaml
2026-03-25 09:58:16,180 - shared_logger.services.cashier - DEBUG - [cashier.py:485] - [CASHIER] Config reloaded from ./config/cashier_zones.yaml
2026-03-25 09:59:16,238 - shared_logger.services.cashier - DEBUG - [cashier.py:485] - [CASHIER] Config reloaded from ./config/cashier_zones.yaml
2026-03-25 10:00:16,273 - shared_logger.services.cashier - DEBUG - [cashier.py:485] - [CASHIER] Config reloaded from ./config/cashier_zones.yaml
2026-03-25 10:01:16,436 - shared_logger.services.cashier - DEBUG - [cashier.py:485] - [CASHIER] Config reloaded from ./config/cashier_zones.yaml
2026-03-25 10:02:16,475 - shared_logger.services.cashier - DEBUG - [cashier.py:485] - [CASHIER] Config reloaded from ./config/cashier_zones.yaml
2026-03-25 10:03:16,620 - shared_logger.services.cashier - DEBUG - [cashier.py:485] - [CASHIER] Config reloaded from ./config/cashier_zones.yaml
2026-03-25 10:04:16,724 - shared_logger.services.cashier - DEBUG - [cashier.py:485] - [CASHIER] Config reloaded from ./config/cashier_zones.yaml
2026-03-25 10:05:16,791 - shared_logger.services.cashier - DEBUG - [cashier.py:485] - [CASHIER] Config reloaded from ./config/cashier_zones.yaml
2026-03-25 10:06:16,803 - shared_logger.services.cashier - DEBUG - [cashier.py:485] - [CASHIER] Config reloaded from ./config/cashier_zones.yaml
2026-03-25 10:07:16,853 - shared_logger.services.cashier - DEBUG - [cashier.py:485] - [CASHIER] Config reloaded from ./config/cashier_zones.yaml
2026-03-25 10:08:16,925 - shared_logger.services.cashier - DEBUG - [cashier.py:485] - [CASHIER] Config reloaded from ./config/cashier_zones.yaml
2026-03-25 10:09:17,039 - shared_logger.services.cashier - DEBUG - [cashier.py:485] - [CASHIER] Config reloaded from ./config/cashier_zones.yaml
2026-03-25 10:10:17,142 - shared_logger.services.cashier - DEBUG - [cashier.py:485] - [CASHIER] Config reloaded from ./config/cashier_zones.yaml
2026-03-25 10:11:17,303 - shared_logger.services.cashier - DEBUG - [cashier.py:485] - [CASHIER] Config reloaded from ./config/cashier_zones.yaml
2026-03-25 10:12:17,584 - shared_logger.services.cashier - DEBUG - [cashier.py:485] - [CASHIER] Config reloaded from ./config/cashier_zones.yaml
2026-03-25 10:13:17,612 - shared_logger.services.cashier - DEBUG - [cashier.py:485] - [CASHIER] Config reloaded from ./config/cashier_zones.yaml
2026-03-25 10:14:18,043 - shared_logger.services.cashier - DEBUG - [cashier.py:485] - [CASHIER] Config reloaded from ./config/cashier_zones.yaml
2026-03-25 10:15:18,076 - shared_logger.services.cashier - DEBUG - [cashier.py:485] - [CASHIER] Config reloaded from ./config/cashier_zones.yaml
2026-03-25 10:16:18,184 - shared_logger.services.cashier - DEBUG - [cashier.py:485] - [CASHIER] Config reloaded from ./config/cashier_zones.yaml
2026-03-25 10:17:18,270 - shared_logger.services.cashier - DEBUG - [cashier.py:485] - [CASHIER] Config reloaded from ./config/cashier_zones.yaml
2026-03-25 10:18:18,397 - shared_logger.services.cashier - DEBUG - [cashier.py:485] - [CASHIER] Config reloaded from ./config/cashier_zones.yaml
2026-03-25 10:19:18,452 - shared_logger.services.cashier - DEBUG - [cashier.py:485] - [CASHIER] Config reloaded from ./config/cashier_zones.yaml
2026-03-25 10:20:18,505 - shared_logger.services.cashier - DEBUG - [cashier.py:485] - [CASHIER] Config reloaded from ./config/cashier_zones.yaml
2026-03-25 10:21:18,577 - shared_logger.services.cashier - DEBUG - [cashier.py:485] - [CASHIER] Config reloaded from ./config/cashier_zones.yaml
2026-03-25 10:22:18,592 - shared_logger.services.cashier - DEBUG - [cashier.py:485] - [CASHIER] Config reloaded from ./config/cashier_zones.yaml
2026-03-25 10:23:18,697 - shared_logger.services.cashier - DEBUG - [cashier.py:485] - [CASHIER] Config reloaded from ./config/cashier_zones.yaml
2026-03-25 10:24:18,931 - shared_logger.services.cashier - DEBUG - [cashier.py:485] - [CASHIER] Config reloaded from ./config/cashier_zones.yaml
2026-03-25 10:25:18,983 - shared_logger.services.cashier - DEBUG - [cashier.py:485] - [CASHIER] Config reloaded from ./config/cashier_zones.yaml
2026-03-25 10:26:19,068 - shared_logger.services.cashier - DEBUG - [cashier.py:485] - [CASHIER] Config reloaded from ./config/cashier_zones.yaml
2026-03-25 10:27:19,114 - shared_logger.services.cashier - DEBUG - [cashier.py:485] - [CASHIER] Config reloaded from ./config/cashier_zones.yaml
2026-03-25 10:28:19,242 - shared_logger.services.cashier - DEBUG - [cashier.py:485] - [CASHIER] Config reloaded from ./config/cashier_zones.yaml
2026-03-25 10:29:19,441 - shared_logger.services.cashier - DEBUG - [cashier.py:485] - [CASHIER] Config reloaded from ./config/cashier_zones.yaml
2026-03-25 10:30:19,488 - shared_logger.services.cashier - DEBUG - [cashier.py:485] - [CASHIER] Config reloaded from ./config/cashier_zones.yaml
2026-03-25 10:31:19,523 - shared_logger.services.cashier - DEBUG - [cashier.py:485] - [CASHIER] Config reloaded from ./config/cashier_zones.yaml
2026-03-25 10:32:19,697 - shared_logger.services.cashier - DEBUG - [cashier.py:485] - [CASHIER] Config reloaded from ./config/cashier_zones.yaml
2026-03-25 10:33:19,782 - shared_logger.services.cashier - DEBUG - [cashier.py:485] - [CASHIER] Config reloaded from ./config/cashier_zones.yaml
2026-03-25 10:34:19,944 - shared_logger.services.cashier - DEBUG - [cashier.py:485] - [CASHIER] Config reloaded from ./config/cashier_zones.yaml
2026-03-25 10:35:20,038 - shared_logger.services.cashier - DEBUG - [cashier.py:485] - [CASHIER] Config reloaded from ./config/cashier_zones.yaml
2026-03-25 10:36:20,247 - shared_logger.services.cashier - DEBUG - [cashier.py:485] - [CASHIER] Config reloaded from ./config/cashier_zones.yaml
2026-03-25 10:37:20,365 - shared_logger.services.cashier - DEBUG - [cashier.py:485] - [CASHIER] Config reloaded from ./config/cashier_zones.yaml
2026-03-25 10:38:20,523 - shared_logger.services.cashier - DEBUG - [cashier.py:485] - [CASHIER] Config reloaded from ./config/cashier_zones.yaml
2026-03-25 10:39:20,571 - shared_logger.services.cashier - DEBUG - [cashier.py:485] - [CASHIER] Config reloaded from ./config/cashier_zones.yaml
2026-03-25 10:40:20,654 - shared_logger.services.cashier - DEBUG - [cashier.py:485] - [CASHIER] Config reloaded from ./config/cashier_zones.yaml
2026-03-25 10:41:20,684 - shared_logger.services.cashier - DEBUG - [cashier.py:485] - [CASHIER] Config reloaded from ./config/cashier_zones.yaml
2026-03-25 10:42:21,111 - shared_logger.services.cashier - DEBUG - [cashier.py:485] - [CASHIER] Config reloaded from ./config/cashier_zones.yaml
2026-03-25 10:43:22,152 - shared_logger.services.cashier - DEBUG - [cashier.py:485] - [CASHIER] Config reloaded from ./config/cashier_zones.yaml
2026-03-25 10:44:22,328 - shared_logger.services.cashier - DEBUG - [cashier.py:485] - [CASHIER] Config reloaded from ./config/cashier_zones.yaml
2026-03-25 10:45:22,496 - shared_logger.services.cashier - DEBUG - [cashier.py:485] - [CASHIER] Config reloaded from ./config/cashier_zones.yaml
2026-03-25 10:46:22,729 - shared_logger.services.cashier - DEBUG - [cashier.py:485] - [CASHIER] Config reloaded from ./config/cashier_zones.yaml
2026-03-25 10:47:22,772 - shared_logger.services.cashier - DEBUG - [cashier.py:485] - [CASHIER] Config reloaded from ./config/cashier_zones.yaml
2026-03-25 10:48:22,894 - shared_logger.services.cashier - DEBUG - [cashier.py:485] - [CASHIER] Config reloaded from ./config/cashier_zones.yaml
2026-03-25 10:49:22,933 - shared_logger.services.cashier - DEBUG - [cashier.py:485] - [CASHIER] Config reloaded from ./config/cashier_zones.yaml
2026-03-25 10:50:22,966 - shared_logger.services.cashier - DEBUG - [cashier.py:485] - [CASHIER] Config reloaded from ./config/cashier_zones.yaml
2026-03-25 10:51:23,203 - shared_logger.services.cashier - DEBUG - [cashier.py:485] - [CASHIER] Config reloaded from ./config/cashier_zones.yaml
2026-03-25 10:52:23,214 - shared_logger.services.cashier - DEBUG - [cashier.py:485] - [CASHIER] Config reloaded from ./config/cashier_zones.yaml
2026-03-25 11:54:13,293 - shared_logger.services.detector - INFO - [detector.py:97] - [DETECTOR] Loading : ./models/best_cashier.onnx
2026-03-25 11:54:13,296 - shared_logger.services.detector - INFO - [detector.py:98] - [DETECTOR] Device  : cpu
2026-03-25 11:54:13,296 - shared_logger.services.detector - INFO - [detector.py:99] - [DETECTOR] Conf    : 0.35
2026-03-25 11:54:13,296 - shared_logger.services.detector - INFO - [detector.py:100] - [DETECTOR] Classes : All
2026-03-25 11:54:17,123 - shared_logger.services.detector - INFO - [detector.py:105] - [DETECTOR] Ready — 3 classes

2026-03-25 12:10:22,382 - shared_logger.services.detector - INFO - [detector.py:97] - [DETECTOR] Loading : ./models/best_cashier.onnx
2026-03-25 12:10:22,383 - shared_logger.services.detector - INFO - [detector.py:98] - [DETECTOR] Device  : cpu
2026-03-25 12:10:22,383 - shared_logger.services.detector - INFO - [detector.py:99] - [DETECTOR] Conf    : 0.35
2026-03-25 12:10:22,383 - shared_logger.services.detector - INFO - [detector.py:100] - [DETECTOR] Classes : All
2026-03-25 12:10:26,375 - shared_logger.services.detector - INFO - [detector.py:105] - [DETECTOR] Ready — 3 classes

2026-03-25 12:16:08,708 - shared_logger.services.detector - INFO - [detector.py:97] - [DETECTOR] Loading : ./models/best_cashier.onnx
2026-03-25 12:16:08,709 - shared_logger.services.detector - INFO - [detector.py:98] - [DETECTOR] Device  : cpu
2026-03-25 12:16:08,709 - shared_logger.services.detector - INFO - [detector.py:99] - [DETECTOR] Conf    : 0.35
2026-03-25 12:16:08,709 - shared_logger.services.detector - INFO - [detector.py:100] - [DETECTOR] Classes : All
2026-03-25 12:16:12,483 - shared_logger.services.detector - INFO - [detector.py:105] - [DETECTOR] Ready — 3 classes

2026-03-25 12:16:12,598 - shared_logger.services.cashier - INFO - [cashier.py:396] - [CASHIER] Loading model: ./models/best_cashier.onnx
2026-03-25 12:16:12,904 - shared_logger.services.cashier - INFO - [cashier.py:432] - [CASHIER] Ready — model ./models/best_cashier.onnx | img_size (256, 256) | classes ['Person', 'Drawer_Open', 'Cash'] | GIF enabled
2026-03-25 12:16:16,868 - shared_logger.services.cashier - CRITICAL - [cashier.py:570] - [CASHIER] A3 CRITICAL: Cash + open drawer — register unguarded | drawers=1 cash_cz=1 cash_kz=0
2026-03-25 12:16:16,894 - shared_logger.services.cashier - INFO - [cashier.py:298] - [CASHIER] Frame saved → evidence/cashier/abnormal/A3_critical/cam_20260325T101616_884516.jpg
2026-03-25 12:16:16,902 - shared_logger.services.cashier - DEBUG - [cashier.py:753] - [CASHIER] Event started: A3 cam=cam
2026-03-25 12:16:30,876 - shared_logger.services.detector - INFO - [detector.py:97] - [DETECTOR] Loading : ./models/best_cashier.onnx
2026-03-25 12:16:30,876 - shared_logger.services.detector - INFO - [detector.py:98] - [DETECTOR] Device  : cpu
2026-03-25 12:16:30,876 - shared_logger.services.detector - INFO - [detector.py:99] - [DETECTOR] Conf    : 0.35
2026-03-25 12:16:30,876 - shared_logger.services.detector - INFO - [detector.py:100] - [DETECTOR] Classes : All
2026-03-25 12:16:34,684 - shared_logger.services.detector - INFO - [detector.py:105] - [DETECTOR] Ready — 3 classes

2026-03-25 12:16:34,764 - shared_logger.services.cashier - INFO - [cashier.py:396] - [CASHIER] Loading model: ./models/best_cashier.onnx
2026-03-25 12:16:35,059 - shared_logger.services.cashier - INFO - [cashier.py:432] - [CASHIER] Ready — model ./models/best_cashier.onnx | img_size (256, 256) | classes ['Person', 'Drawer_Open', 'Cash'] | GIF enabled
2026-03-25 12:16:39,123 - shared_logger.services.cashier - CRITICAL - [cashier.py:570] - [CASHIER] A3 CRITICAL: Cash + open drawer — register unguarded | drawers=1 cash_cz=1 cash_kz=0
2026-03-25 12:16:39,142 - shared_logger.services.cashier - INFO - [cashier.py:298] - [CASHIER] Frame saved → evidence/cashier/abnormal/A3_critical/cam_20260325T101639_133366.jpg
2026-03-25 12:16:39,151 - shared_logger.services.cashier - DEBUG - [cashier.py:753] - [CASHIER] Event started: A3 cam=cam
2026-03-25 12:19:27,981 - shared_logger.services.detector - INFO - [detector.py:97] - [DETECTOR] Loading : ./models/best_cashier.onnx
2026-03-25 12:19:27,981 - shared_logger.services.detector - INFO - [detector.py:98] - [DETECTOR] Device  : cpu
2026-03-25 12:19:27,981 - shared_logger.services.detector - INFO - [detector.py:99] - [DETECTOR] Conf    : 0.35
2026-03-25 12:19:27,981 - shared_logger.services.detector - INFO - [detector.py:100] - [DETECTOR] Classes : All
2026-03-25 12:19:31,694 - shared_logger.services.detector - INFO - [detector.py:105] - [DETECTOR] Ready — 3 classes

2026-03-25 12:19:31,773 - shared_logger.services.cashier - INFO - [cashier.py:396] - [CASHIER] Loading model: ./models/best_cashier.onnx
2026-03-25 12:19:32,054 - shared_logger.services.cashier - INFO - [cashier.py:432] - [CASHIER] Ready — model ./models/best_cashier.onnx | img_size (256, 256) | classes ['Person', 'Drawer_Open', 'Cash'] | GIF enabled
2026-03-25 12:19:35,942 - shared_logger.services.cashier - CRITICAL - [cashier.py:570] - [CASHIER] A3 CRITICAL: Cash + open drawer — register unguarded | drawers=1 cash_cz=1 cash_kz=0
2026-03-25 12:19:35,968 - shared_logger.services.cashier - INFO - [cashier.py:298] - [CASHIER] Frame saved → evidence/cashier/abnormal/A3_critical/cam_20260325T101935_957564.jpg
2026-03-25 12:19:35,976 - shared_logger.services.cashier - DEBUG - [cashier.py:753] - [CASHIER] Event started: A3 cam=cam
2026-03-25 12:19:49,856 - shared_logger.services.detector - INFO - [detector.py:97] - [DETECTOR] Loading : ./models/best_cashier.onnx
2026-03-25 12:19:49,856 - shared_logger.services.detector - INFO - [detector.py:98] - [DETECTOR] Device  : cpu
2026-03-25 12:19:49,856 - shared_logger.services.detector - INFO - [detector.py:99] - [DETECTOR] Conf    : 0.35
2026-03-25 12:19:49,857 - shared_logger.services.detector - INFO - [detector.py:100] - [DETECTOR] Classes : All
2026-03-25 12:19:53,591 - shared_logger.services.detector - INFO - [detector.py:105] - [DETECTOR] Ready — 3 classes

2026-03-25 12:19:53,669 - shared_logger.services.cashier - INFO - [cashier.py:396] - [CASHIER] Loading model: ./models/best_cashier.onnx
2026-03-25 12:19:54,000 - shared_logger.services.cashier - INFO - [cashier.py:432] - [CASHIER] Ready — model ./models/best_cashier.onnx | img_size (256, 256) | classes ['Person', 'Drawer_Open', 'Cash'] | GIF enabled
2026-03-25 12:19:57,905 - shared_logger.services.cashier - CRITICAL - [cashier.py:570] - [CASHIER] A3 CRITICAL: Cash + open drawer — register unguarded | drawers=1 cash_cz=1 cash_kz=0
2026-03-25 12:19:57,928 - shared_logger.services.cashier - INFO - [cashier.py:298] - [CASHIER] Frame saved → evidence/cashier/abnormal/A3_critical/cam_20260325T101957_917862.jpg
2026-03-25 12:19:57,938 - shared_logger.services.cashier - DEBUG - [cashier.py:753] - [CASHIER] Event started: A3 cam=cam
2026-03-25 12:26:57,030 - shared_logger.services.detector - INFO - [detector.py:97] - [DETECTOR] Loading : ./models/best_cashier.onnx
2026-03-25 12:26:57,030 - shared_logger.services.detector - INFO - [detector.py:98] - [DETECTOR] Device  : cpu
2026-03-25 12:26:57,030 - shared_logger.services.detector - INFO - [detector.py:99] - [DETECTOR] Conf    : 0.35
2026-03-25 12:26:57,030 - shared_logger.services.detector - INFO - [detector.py:100] - [DETECTOR] Classes : All
2026-03-25 12:27:00,928 - shared_logger.services.detector - INFO - [detector.py:105] - [DETECTOR] Ready — 3 classes

2026-03-25 12:27:01,013 - shared_logger.services.cashier - INFO - [cashier.py:396] - [CASHIER] Loading model: ./models/best_cashier.onnx
2026-03-25 12:27:01,355 - shared_logger.services.cashier - INFO - [cashier.py:432] - [CASHIER] Ready — model ./models/best_cashier.onnx | img_size (256, 256) | classes ['Person', 'Drawer_Open', 'Cash'] | GIF enabled
2026-03-25 12:27:05,496 - shared_logger.services.cashier - CRITICAL - [cashier.py:570] - [CASHIER] A3 CRITICAL: Cash + open drawer — register unguarded | drawers=1 cash_cz=1 cash_kz=0
2026-03-25 12:27:05,532 - shared_logger.services.cashier - INFO - [cashier.py:298] - [CASHIER] Frame saved → evidence/cashier/abnormal/A3_critical/cam_20260325T102705_514855.jpg
2026-03-25 12:27:05,550 - shared_logger.services.cashier - DEBUG - [cashier.py:753] - [CASHIER] Event started: A3 cam=cam
